[
    Something {
        number: 1,
        text: "small",
        numbers: [
            1,
            2,
            3,
        ],
    },
    Something {
        number: 11,
        text: "medium",
        numbers: [
            11,
            12,
        ],
    },
    Something {
        number: 101,
        text: "large",
        numbers: [
            101,
        ],
    },
]
[
    Something {
        number: 101,
        text: "large",
        numbers: [
            101,
        ],
    },
]
[
    Something {
        number: 1,
        text: "small",
        numbers: [
            1,
            2,
            3,
        ],
    },
    Something {
        number: 11,
        text: "medium",
        numbers: [
            11,
            12,
        ],
    },
    Something {
        number: 101,
        text: "large",
        numbers: [
            101,
        ],
    },
]
