Planet { name: "Mercury", distance: "0.4", mass: "0.055" }
Planet { name: "Venus", distance: "0.7", mass: "0.815" }
Planet { name: "Earth", distance: "1", mass: "1" }
Planet { name: "Mars", distance: "1.5", mass: "0.107" }
Error parsing csv CSV error: record 5 (line: 6, byte: 175): found record with 1 fields, but the previous record has 3 fields
Planet { name: "Ceres", distance: "2.77", mass: "0.00015" }
Planet { name: "Jupiter", distance: "5.2", mass: "318" }
Planet { name: "Saturn", distance: "9.5", mass: "95" }
Planet { name: "Uranus", distance: "19.6", mass: "14" }
Planet { name: "Neptune", distance: "30", mass: "17" }
Planet { name: "Pluto", distance: "39", mass: "0.00218" }
Planet { name: "Charon", distance: "39", mass: "0.000254" }

Planet { name: "Mercury", distance: "0.4", mass: "0.055" }
Planet { name: "Venus", distance: "0.7", mass: "0.815" }
Planet { name: "Earth", distance: "1", mass: "1" }
Planet { name: "Mars", distance: "1.5", mass: "0.107" }
Error parsing csv CSV error: record 5 (line: 6, byte: 175): found record with 1 fields, but the previous record has 3 fields
Planet { name: "Ceres", distance: "2.77", mass: "0.00015" }
Planet { name: "Jupiter", distance: "5.2", mass: "318" }
Planet { name: "Saturn", distance: "9.5", mass: "95" }
Planet { name: "Uranus", distance: "19.6", mass: "14" }
Planet { name: "Neptune", distance: "30", mass: "17" }
Planet { name: "Pluto", distance: "39", mass: "0.00218" }
Planet { name: "Charon", distance: "39", mass: "0.000254" }

Planet { name: "Mercury", distance: "0.4", mass: "0.055" }
Planet { name: "Venus", distance: "0.7", mass: "0.815" }
Planet { name: "Earth", distance: "1", mass: "1" }
Planet { name: "Mars", distance: "1.5", mass: "0.107" }
Planet { name: "Ceres", distance: "2.77", mass: "0.00015" }
Planet { name: "Jupiter", distance: "5.2", mass: "318" }
Planet { name: "Saturn", distance: "9.5", mass: "95" }
Planet { name: "Uranus", distance: "19.6", mass: "14" }
Planet { name: "Neptune", distance: "30", mass: "17" }
Planet { name: "Pluto", distance: "39", mass: "0.00218" }
Planet { name: "Charon", distance: "39", mass: "0.000254" }
